#
# An unexpected error has been detected by Java Runtime Environment:
#
#  EXCEPTION_ACCESS_VIOLATION (0xc0000005) at pc=0x7513a231, pid=8080, tid=7776
#
# Java VM: Java HotSpot(TM) Client VM (1.6.0-b105 mixed mode)
# Problematic frame:
# C  [SHLWAPI.dll+0x1a231]
#
# If you would like to submit a bug report, please visit:
#   http://java.sun.com/webapps/bugreport/crash.jsp
#

---------------  T H R E A D  ---------------

Current thread (0x0ddedc00):  JavaThread "Basic L&F File Loading Thread" [_thread_in_native, id=7776]

siginfo: ExceptionCode=0xc0000005, reading address 0x003a0010

Registers:
EAX=0x003a0010, EBX=0x005c2718, ECX=0x00008000, EDX=0x003b0010
ESP=0x106ff2cc, EBP=0x106ff2d4, ESI=0x00000000, EDI=0x106ff2ec
EIP=0x7513a231, EFLAGS=0x00010287

Top of Stack: (sp=0x106ff2cc)
0x106ff2cc:   75a8e760 003a0010 106ff2f4 7513a1e6
0x106ff2dc:   003a0010 00008000 106ff2ec 005c278c
0x106ff2ec:   00000000 fbc41af4 106ff304 75a0046b
0x106ff2fc:   003a0010 75a52240 106ff530 759fc9c6
0x106ff30c:   003a0010 003a0010 00000000 08f3a8f0
0x106ff31c:   003a0010 106ff39c 106ff39c 75a3d9bd
0x106ff32c:   005c2784 00000000 005c2718 106ff34c
0x106ff33c:   75a3e151 005c2718 00000000 106ff52c 

Instructions: (pc=0x7513a231)
0x7513a221:   f9 00 80 00 00 77 41 8d 14 48 33 f6 3b c2 73 38
0x7513a231:   0f b7 08 66 85 c9 74 18 0f b7 c9 83 f9 20 74 2f 


Stack: [0x106b0000,0x10700000),  sp=0x106ff2cc,  free space=316k
Native frames: (J=compiled Java code, j=interpreted, Vv=VM code, C=native code)
C  [SHLWAPI.dll+0x1a231]
C  [SHLWAPI.dll+0x1a1e6]
C  [SHELL32.dll+0x2046b]
C  [SHELL32.dll+0x1c9c6]
C  [SHELL32.dll+0x1c96f]
C  [awt.dll+0x137895]
j  sun.awt.shell.Win32ShellFolder2.getLinkLocation(Z)Lsun/awt/shell/ShellFolder;+20
j  sun.awt.shell.Win32ShellFolder2.isDirectory()Z+69
j  sun.awt.shell.Win32ShellFolder2.isDirectory()Z+79
j  bluej.utility.PackageChooser.accept(Ljava/io/File;)Z+1
j  bluej.utility.PackageChooserStrict.accept(Ljava/io/File;)Z+2
j  javax.swing.plaf.basic.BasicDirectoryModel$LoadFilesThread.run0()V+67
j  javax.swing.plaf.basic.BasicDirectoryModel$LoadFilesThread.run()V+1
v  ~StubRoutines::call_stub

Java frames: (J=compiled Java code, j=interpreted, Vv=VM code)
j  sun.awt.shell.Win32ShellFolder2.getLinkLocation(JJZ)J+0
j  sun.awt.shell.Win32ShellFolder2.getLinkLocation(Z)Lsun/awt/shell/ShellFolder;+20
j  sun.awt.shell.Win32ShellFolder2.isDirectory()Z+69
j  sun.awt.shell.Win32ShellFolder2.isDirectory()Z+79
j  bluej.utility.PackageChooser.accept(Ljava/io/File;)Z+1
j  bluej.utility.PackageChooserStrict.accept(Ljava/io/File;)Z+2
j  javax.swing.plaf.basic.BasicDirectoryModel$LoadFilesThread.run0()V+67
j  javax.swing.plaf.basic.BasicDirectoryModel$LoadFilesThread.run()V+1
v  ~StubRoutines::call_stub

---------------  P R O C E S S  ---------------

Java Threads: ( => current thread )
=>0x0ddedc00 JavaThread "Basic L&F File Loading Thread" [_thread_in_native, id=7776]
  0x0ce37000 JavaThread "Basic L&F File Loading Thread" [_thread_blocked, id=604]
  0x0ce37800 JavaThread "Thread-17" [_thread_blocked, id=3412]
  0x0ce37c00 JavaThread "TimerQueue" daemon [_thread_blocked, id=7400]
  0x0ce36c00 JavaThread "main" [_thread_blocked, id=6072]
  0x0ce36400 JavaThread "Image Fetcher 1" daemon [_thread_in_vm, id=7944]
  0x0ce36000 JavaThread "SimulationThread" [_thread_blocked, id=908]
  0x0ce35c00 JavaThread "AWT-EventQueue-0" [_thread_blocked, id=6312]
  0x0ce35400 JavaThread "RMI TCP Connection(1)-127.0.0.1" daemon [_thread_in_native, id=4968]
  0x0ce35000 JavaThread "RMI Reaper" [_thread_blocked, id=7120]
  0x0ce34800 JavaThread "RMI TCP Accept-0" daemon [_thread_in_native, id=6328]
  0x0ce34400 JavaThread "Image Fetcher 0" daemon [_thread_blocked, id=5952]
  0x0dbe5800 JavaThread "GC Daemon" daemon [_thread_blocked, id=7768]
  0x0dbe4400 JavaThread "RMI RenewClean-[127.0.0.1:57147]" daemon [_thread_blocked, id=7856]
  0x0dbe2800 JavaThread "RMI Scheduler(0)" daemon [_thread_blocked, id=7676]
  0x00197c00 JavaThread "DestroyJavaVM" [_thread_blocked, id=3188]
  0x0cec5800 JavaThread "BlueJ worker thread" [_thread_blocked, id=7596]
  0x0cec2400 JavaThread "AWT-Windows" daemon [_thread_in_native, id=8168]
  0x0cec1000 JavaThread "AWT-Shutdown" [_thread_blocked, id=5448]
  0x0cec0800 JavaThread "Java2D Disposer" daemon [_thread_blocked, id=3200]
  0x0cd89400 JavaThread "Low Memory Detector" daemon [_thread_blocked, id=5984]
  0x0cd88800 JavaThread "CompilerThread0" daemon [_thread_blocked, id=7048]
  0x0cd7e800 JavaThread "JDWP Command Reader" daemon [_thread_in_native, id=7720]
  0x0cd7c000 JavaThread "JDWP Event Helper Thread" daemon [_thread_blocked, id=2100]
  0x0cd7a000 JavaThread "JDWP Transport Listener: dt_shmem" daemon [_thread_blocked, id=6708]
  0x0cd6f000 JavaThread "Attach Listener" daemon [_thread_blocked, id=6476]
  0x0cd6ec00 JavaThread "Signal Dispatcher" daemon [_thread_blocked, id=5692]
  0x0cd6e400 JavaThread "Surrogate Locker Thread (CMS)" daemon [_thread_blocked, id=7980]
  0x0cd57000 JavaThread "Finalizer" daemon [_thread_blocked, id=8016]
  0x0cd53400 JavaThread "Reference Handler" daemon [_thread_blocked, id=7068]

Other Threads:
  0x0cd50800 VMThread [id=6664]
  0x0cd8a400 WatcherThread [id=3068]

VM state:not at safepoint (normal execution)

VM Mutex/Monitor currently owned by a thread:  ([mutex/lock_event])
[0x001972a8/0x00000124] Threads_lock - owner thread: 0x0ce36400

Heap
 par new generation   total 14784K, used 3537K [0x04420000, 0x05420000, 0x05420000)
  eden space 13184K,  26% used [0x04420000, 0x04794650, 0x05100000)
  from space 1600K,   0% used [0x05100000, 0x05100000, 0x05290000)
  to   space 1600K,   0% used [0x05290000, 0x05290000, 0x05420000)
 concurrent mark-sweep generation total 49152K, used 8295K [0x05420000, 0x08420000, 0x08420000)
 concurrent-mark-sweep perm gen total 18292K, used 13354K [0x08420000, 0x095fd000, 0x0c420000)

Dynamic libraries:
0x00400000 - 0x00423000 	C:\Program Files (x86)\Java\jdk1.6.0\jre\bin\java.exe
0x77660000 - 0x777e0000 	C:\windows\SysWOW64\ntdll.dll
0x76c90000 - 0x76da0000 	C:\windows\syswow64\kernel32.dll
0x76970000 - 0x769b7000 	C:\windows\syswow64\KERNELBASE.dll
0x76650000 - 0x766f0000 	C:\windows\syswow64\ADVAPI32.dll
0x769c0000 - 0x76a6c000 	C:\windows\syswow64\msvcrt.dll
0x76630000 - 0x76649000 	C:\windows\SysWOW64\sechost.dll
0x75850000 - 0x75940000 	C:\windows\syswow64\RPCRT4.dll
0x74d40000 - 0x74da0000 	C:\windows\syswow64\SspiCli.dll
0x74d30000 - 0x74d3c000 	C:\windows\syswow64\CRYPTBASE.dll
0x7c340000 - 0x7c396000 	C:\Program Files (x86)\Java\jdk1.6.0\jre\bin\msvcr71.dll
0x6d7c0000 - 0x6da07000 	C:\Program Files (x86)\Java\jdk1.6.0\jre\bin\client\jvm.dll
0x74df0000 - 0x74ef0000 	C:\windows\syswow64\USER32.dll
0x75180000 - 0x75210000 	C:\windows\syswow64\GDI32.dll
0x77630000 - 0x7763a000 	C:\windows\syswow64\LPK.dll
0x76700000 - 0x7679d000 	C:\windows\syswow64\USP10.dll
0x73220000 - 0x73252000 	C:\windows\system32\WINMM.dll
0x753d0000 - 0x75430000 	C:\windows\system32\IMM32.DLL
0x76b00000 - 0x76bcc000 	C:\windows\syswow64\MSCTF.dll
0x71d70000 - 0x71dbc000 	C:\windows\system32\apphelp.dll
0x6d310000 - 0x6d318000 	C:\Program Files (x86)\Java\jdk1.6.0\jre\bin\hpi.dll
0x759d0000 - 0x759d5000 	C:\windows\syswow64\PSAPI.DLL
0x6d400000 - 0x6d429000 	C:\Program Files (x86)\Java\jdk1.6.0\jre\bin\jdwp.dll
0x6d6c0000 - 0x6d6c6000 	C:\Program Files (x86)\Java\jdk1.6.0\jre\bin\npt.dll
0x6d770000 - 0x6d77c000 	C:\Program Files (x86)\Java\jdk1.6.0\jre\bin\verify.dll
0x6d3b0000 - 0x6d3cf000 	C:\Program Files (x86)\Java\jdk1.6.0\jre\bin\java.dll
0x6d7b0000 - 0x6d7bf000 	C:\Program Files (x86)\Java\jdk1.6.0\jre\bin\zip.dll
0x6d270000 - 0x6d278000 	C:\Program Files (x86)\Java\jdk1.6.0\jre\bin\dt_shmem.dll
0x6d000000 - 0x6d1c3000 	C:\Program Files (x86)\Java\jdk1.6.0\jre\bin\awt.dll
0x72510000 - 0x72561000 	C:\windows\system32\WINSPOOL.DRV
0x75550000 - 0x756ac000 	C:\windows\syswow64\ole32.dll
0x720f0000 - 0x72170000 	C:\windows\system32\uxtheme.dll
0x10000000 - 0x10053000 	C:\ProgramData\Anti-phishing Domain Advisor\visicom_antiphishing.dll
0x733d0000 - 0x733d9000 	C:\windows\system32\VERSION.dll
0x75810000 - 0x75845000 	C:\windows\syswow64\WS2_32.dll
0x767a0000 - 0x767a6000 	C:\windows\syswow64\NSI.dll
0x759e0000 - 0x7662a000 	C:\windows\syswow64\SHELL32.dll
0x75120000 - 0x75177000 	C:\windows\syswow64\SHLWAPI.dll
0x76bd0000 - 0x76c5f000 	C:\windows\syswow64\OLEAUT32.dll
0x72fc0000 - 0x72fcb000 	C:\windows\system32\profapi.dll
0x71510000 - 0x71523000 	C:\windows\system32\dwmapi.dll
0x72390000 - 0x723a6000 	C:\windows\system32\CRYPTSP.dll
0x72350000 - 0x7238b000 	C:\windows\system32\rsaenh.dll
0x72f60000 - 0x72f77000 	C:\windows\system32\USERENV.dll
0x6d570000 - 0x6d583000 	C:\Program Files (x86)\Java\jdk1.6.0\jre\bin\net.dll
0x72ec0000 - 0x72efc000 	C:\windows\system32\mswsock.dll
0x6e290000 - 0x6e296000 	C:\windows\System32\wship6.dll
0x6e1b0000 - 0x6e1c0000 	C:\windows\system32\NLAapi.dll
0x74920000 - 0x74930000 	C:\windows\system32\napinsp.dll
0x746f0000 - 0x74702000 	C:\windows\system32\pnrpnsp.dll
0x6de10000 - 0x6de37000 	C:\Program Files (x86)\Common Files\Microsoft Shared\Windows Live\WLIDNSP.DLL
0x74790000 - 0x747b1000 	C:\Program Files (x86)\Bonjour\mdnsNSP.dll
0x72b70000 - 0x72b8c000 	C:\windows\system32\Iphlpapi.DLL
0x72b60000 - 0x72b67000 	C:\windows\system32\WINNSI.DLL
0x6e4d0000 - 0x6e514000 	C:\windows\system32\DNSAPI.dll
0x74770000 - 0x74778000 	C:\windows\System32\winrnr.dll
0x72eb0000 - 0x72eb5000 	C:\windows\System32\wshtcpip.dll
0x74780000 - 0x74786000 	C:\windows\system32\rasadhlp.dll
0x74710000 - 0x74748000 	C:\windows\System32\fwpuclnt.dll
0x6d710000 - 0x6d716000 	C:\Program Files (x86)\Java\jdk1.6.0\jre\bin\rmi.dll
0x6d2b0000 - 0x6d303000 	C:\Program Files (x86)\Java\jdk1.6.0\jre\bin\fontmanager.dll
0x6d1f0000 - 0x6d21f000 	C:\Program Files (x86)\Java\jdk1.6.0\jre\bin\cmm.dll
0x6d450000 - 0x6d474000 	C:\Program Files (x86)\Java\jdk1.6.0\jre\bin\jpeg.dll
0x6d590000 - 0x6d599000 	C:\Program Files (x86)\Java\jdk1.6.0\jre\bin\nio.dll
0x6d560000 - 0x6d569000 	C:\Program Files (x86)\Java\jdk1.6.0\jre\bin\management.dll
0x76a70000 - 0x76af3000 	C:\windows\syswow64\CLBCatQ.DLL
0x71840000 - 0x718c4000 	C:\windows\WinSxS\x86_microsoft.windows.common-controls_6595b64144ccf1df_5.82.7601.17514_none_ec83dffa859149af\comctl32.dll
0x72170000 - 0x7230e000 	C:\windows\WinSxS\x86_microsoft.windows.common-controls_6595b64144ccf1df_6.0.7601.17514_none_41e6975e2bd6f2b2\comctl32.dll
0x75210000 - 0x753ad000 	C:\windows\syswow64\SETUPAPI.dll
0x756b0000 - 0x756d7000 	C:\windows\syswow64\CFGMGR32.dll
0x753b0000 - 0x753c2000 	C:\windows\syswow64\DEVOBJ.dll
0x73d90000 - 0x73e85000 	C:\windows\system32\propsys.dll
0x72f00000 - 0x72f21000 	C:\windows\system32\ntmarta.dll
0x74da0000 - 0x74de5000 	C:\windows\syswow64\WLDAP32.dll
0x65af0000 - 0x65c88000 	C:\windows\system32\NetworkExplorer.dll
0x6cd40000 - 0x6cd4a000 	C:\windows\system32\slc.dll
0x72930000 - 0x72942000 	C:\windows\system32\MPR.dll
0x0ee90000 - 0x0eea3000 	C:\Program Files (x86)\Common Files\Adobe\Adobe Drive CS4\AdobeDriveCS4_NP.dll
0x69bf0000 - 0x69bf8000 	C:\windows\System32\drprov.dll
0x72900000 - 0x72929000 	C:\windows\System32\WINSTA.dll
0x68f00000 - 0x68f14000 	C:\windows\System32\ntlanman.dll
0x686d0000 - 0x686e7000 	C:\windows\System32\davclnt.dll
0x686c0000 - 0x686c8000 	C:\windows\System32\DAVHLPR.dll
0x71c10000 - 0x71c1f000 	C:\windows\system32\wkscli.dll
0x6cd50000 - 0x6cd5b000 	C:\windows\system32\cscapi.dll
0x71d00000 - 0x71d09000 	C:\windows\system32\netutils.dll
0x6cd60000 - 0x6cd69000 	C:\windows\system32\LINKINFO.dll
0x6cd10000 - 0x6cd3e000 	C:\windows\System32\shdocvw.dll
0x6ea20000 - 0x6eb50000 	C:\windows\system32\WindowsCodecs.dll
0x0fe00000 - 0x0fe22000 	C:\Users\Pratik\AppData\Roaming\Dropbox\bin\DropboxExt.17.dll
0x6be30000 - 0x6bf1b000 	C:\windows\system32\dbghelp.dll
0x72480000 - 0x7250e000 	C:\windows\WinSxS\x86_microsoft.vc90.crt_1fc8b3b9a1e18e3b_9.0.30729.6161_none_50934f2ebcb7eb57\MSVCP90.dll
0x723d0000 - 0x72473000 	C:\windows\WinSxS\x86_microsoft.vc90.crt_1fc8b3b9a1e18e3b_9.0.30729.6161_none_50934f2ebcb7eb57\MSVCR90.dll
0x6bd70000 - 0x6bda1000 	C:\windows\system32\EhStorShell.dll
0x6cc60000 - 0x6ccd0000 	C:\windows\system32\ntshrui.dll
0x71c20000 - 0x71c39000 	C:\windows\system32\srvcli.dll
0x72000000 - 0x72008000 	C:\windows\system32\Secur32.dll
0x71c00000 - 0x71c0f000 	C:\windows\system32\samcli.dll
0x69580000 - 0x69592000 	C:\windows\system32\SAMLIB.dll

VM Arguments:
jvm_args: -Xincgc -Dawt.useSystemAAFontSettings=on -agentlib:jdwp=transport=dt_shmem,address=javadebug
java_command: bluej.runtime.ExecServer UTF-8
Launcher Type: SUN_STANDARD

Environment Variables:
CLASSPATH=.;C:\Program Files (x86)\Java\jre6\lib\ext\QTJava.zip
PATH=C:\Program Files\Common Files\Microsoft Shared\Windows Live;C:\Program Files (x86)\Common Files\Microsoft Shared\Windows Live;C:\Program Files (x86)\NVIDIA Corporation\PhysX\Common;C:\windows\system32;C:\windows;C:\windows\System32\Wbem;C:\windows\System32\WindowsPowerShell\v1.0\;C:\Program Files (x86)\Toshiba\Bluetooth Toshiba Stack\sys\;C:\Program Files (x86)\Toshiba\Bluetooth Toshiba Stack\sys\x64\;C:\Program Files (x86)\Windows Live\Shared;C:\Program Files (x86)\QuickTime\QTSystem\;c:\Program Files (x86)\Microsoft SQL Server\100\Tools\Binn\;c:\Program Files\Microsoft SQL Server\100\Tools\Binn\;c:\Program Files\Microsoft SQL Server\100\DTS\Binn\
USERNAME=Pratik
OS=Windows_NT
PROCESSOR_IDENTIFIER=Intel64 Family 6 Model 42 Stepping 7, GenuineIntel



---------------  S Y S T E M  ---------------

OS: Windows NT 6.1 Build 7601 Service Pack 1

CPU:total 4 family 6, cmov, cx8, fxsr, mmx, sse, sse2

Memory: 4k page, physical 4175728k(1805220k free), swap 4194303k(4194303k free)

vm_info: Java HotSpot(TM) Client VM (1.6.0-b105) for windows-x86, built on Nov 29 2006 00:48:48 by "java_re" with unknown MS VC++:1310

