#
# An unexpected error has been detected by Java Runtime Environment:
#
#  EXCEPTION_ACCESS_VIOLATION (0xc0000005) at pc=0x7513a231, pid=6288, tid=4468
#
# Java VM: Java HotSpot(TM) Client VM (1.6.0-b105 mixed mode)
# Problematic frame:
# C  [SHLWAPI.dll+0x1a231]
#
# If you would like to submit a bug report, please visit:
#   http://java.sun.com/webapps/bugreport/crash.jsp
#

---------------  T H R E A D  ---------------

Current thread (0x0d6d9400):  JavaThread "Basic L&F File Loading Thread" [_thread_in_native, id=4468]

siginfo: ExceptionCode=0xc0000005, reading address 0x004e000b

Registers:
EAX=0x004e000b, EBX=0x005f5d50, ECX=0x00008000, EDX=0x004f000b
ESP=0x0ff6f27c, EBP=0x0ff6f284, ESI=0x00000000, EDI=0x0ff6f29c
EIP=0x7513a231, EFLAGS=0x00010287

Top of Stack: (sp=0x0ff6f27c)
0x0ff6f27c:   75a8e760 004e000b 0ff6f2a4 7513a1e6
0x0ff6f28c:   004e000b 00008000 0ff6f29c 005f5dc4
0x0ff6f29c:   00000000 9486e855 0ff6f2b4 75a0046b
0x0ff6f2ac:   004e000b 75a52240 0ff6f4e0 759fc9c6
0x0ff6f2bc:   004e000b 004e000b 00000000 090020d8
0x0ff6f2cc:   004e000b 0ff6f34c 0ff6f34c 75a3d9bd
0x0ff6f2dc:   005f5dbc 00000000 005f5d50 0ff6f2fc
0x0ff6f2ec:   75a3e151 005f5d50 00000000 0ff6f4dc 

Instructions: (pc=0x7513a231)
0x7513a221:   f9 00 80 00 00 77 41 8d 14 48 33 f6 3b c2 73 38
0x7513a231:   0f b7 08 66 85 c9 74 18 0f b7 c9 83 f9 20 74 2f 


Stack: [0x0ff20000,0x0ff70000),  sp=0x0ff6f27c,  free space=316k
Native frames: (J=compiled Java code, j=interpreted, Vv=VM code, C=native code)
C  [SHLWAPI.dll+0x1a231]
C  [SHLWAPI.dll+0x1a1e6]
C  [SHELL32.dll+0x2046b]
C  [SHELL32.dll+0x1c9c6]
C  [SHELL32.dll+0x1c96f]
C  [awt.dll+0x137895]
j  sun.awt.shell.Win32ShellFolder2.getLinkLocation(Z)Lsun/awt/shell/ShellFolder;+20
j  sun.awt.shell.Win32ShellFolder2.isDirectory()Z+69
j  sun.awt.shell.Win32ShellFolder2.isDirectory()Z+79
j  bluej.utility.PackageChooser.accept(Ljava/io/File;)Z+1
j  javax.swing.plaf.basic.BasicDirectoryModel$LoadFilesThread.run0()V+67
j  javax.swing.plaf.basic.BasicDirectoryModel$LoadFilesThread.run()V+1
v  ~StubRoutines::call_stub

Java frames: (J=compiled Java code, j=interpreted, Vv=VM code)
j  sun.awt.shell.Win32ShellFolder2.getLinkLocation(JJZ)J+0
j  sun.awt.shell.Win32ShellFolder2.getLinkLocation(Z)Lsun/awt/shell/ShellFolder;+20
j  sun.awt.shell.Win32ShellFolder2.isDirectory()Z+69
j  sun.awt.shell.Win32ShellFolder2.isDirectory()Z+79
j  bluej.utility.PackageChooser.accept(Ljava/io/File;)Z+1
j  javax.swing.plaf.basic.BasicDirectoryModel$LoadFilesThread.run0()V+67
j  javax.swing.plaf.basic.BasicDirectoryModel$LoadFilesThread.run()V+1
v  ~StubRoutines::call_stub

---------------  P R O C E S S  ---------------

Java Threads: ( => current thread )
  0x0d6dac00 JavaThread "Basic L&F File Loading Thread" [_thread_new, id=6180]
  0x0d6da000 JavaThread "Image Fetcher 1" daemon [_thread_blocked, id=4492]
=>0x0d6d9400 JavaThread "Basic L&F File Loading Thread" [_thread_in_native, id=4468]
  0x0d6d7000 JavaThread "Image Fetcher 0" daemon [_thread_blocked, id=6152]
  0x0d6da800 JavaThread "TimerQueue" daemon [_thread_blocked, id=5956]
  0x0d6d9c00 JavaThread "main" [_thread_blocked, id=5944]
  0x0d6d9000 JavaThread "SimulationThread" [_thread_blocked, id=2716]
  0x0d6d8800 JavaThread "AWT-EventQueue-0" [_thread_in_native, id=6876]
  0x0d6d8400 JavaThread "RMI TCP Connection(1)-127.0.0.1" daemon [_thread_in_native, id=6008]
  0x0d6d7c00 JavaThread "RMI Reaper" [_thread_blocked, id=6536]
  0x0d6d7800 JavaThread "RMI TCP Accept-0" daemon [_thread_in_native, id=5276]
  0x0d69e800 JavaThread "GC Daemon" daemon [_thread_blocked, id=6852]
  0x0d69e000 JavaThread "RMI RenewClean-[127.0.0.1:53424]" daemon [_thread_blocked, id=3896]
  0x0d69c400 JavaThread "RMI Scheduler(0)" daemon [_thread_blocked, id=5260]
  0x00317c00 JavaThread "DestroyJavaVM" [_thread_blocked, id=3784]
  0x0d5d5800 JavaThread "BlueJ worker thread" [_thread_blocked, id=6508]
  0x0d5d3000 JavaThread "AWT-Windows" daemon [_thread_blocked, id=3444]
  0x0d5d2800 JavaThread "AWT-Shutdown" [_thread_blocked, id=3644]
  0x0d5d2000 JavaThread "Java2D Disposer" daemon [_thread_blocked, id=5676]
  0x0cd99800 JavaThread "Low Memory Detector" daemon [_thread_blocked, id=6324]
  0x0cd98800 JavaThread "CompilerThread0" daemon [_thread_blocked, id=3796]
  0x0cd8e400 JavaThread "JDWP Command Reader" daemon [_thread_blocked, id=6412]
  0x0cd8e000 JavaThread "JDWP Event Helper Thread" daemon [_thread_blocked, id=6924]
  0x0cd8c000 JavaThread "JDWP Transport Listener: dt_shmem" daemon [_thread_blocked, id=4364]
  0x0cd7f000 JavaThread "Attach Listener" daemon [_thread_blocked, id=5884]
  0x0cd7ec00 JavaThread "Signal Dispatcher" daemon [_thread_blocked, id=7080]
  0x0cd7e400 JavaThread "Surrogate Locker Thread (CMS)" daemon [_thread_blocked, id=6020]
  0x0cd67000 JavaThread "Finalizer" daemon [_thread_blocked, id=6320]
  0x0cd63400 JavaThread "Reference Handler" daemon [_thread_blocked, id=2632]

Other Threads:
  0x0cd60800 VMThread [id=6268]
  0x0cd9ac00 WatcherThread [id=732]

VM state:synchronizing (normal execution)

VM Mutex/Monitor currently owned by a thread:  ([mutex/lock_event])
[0x00317278/0x0000011c] Safepoint_lock - owner thread: 0x0cd60800
[0x003172a8/0x00000124] Threads_lock - owner thread: 0x0cd60800

Heap
 par new generation   total 14784K, used 5180K [0x04430000, 0x05430000, 0x05430000)
  eden space 13184K,  39% used [0x04430000, 0x0493f2c8, 0x05110000)
  from space 1600K,   0% used [0x05110000, 0x05110000, 0x052a0000)
  to   space 1600K,   0% used [0x052a0000, 0x052a0000, 0x05430000)
 concurrent mark-sweep generation total 49152K, used 8475K [0x05430000, 0x08430000, 0x08430000)
 concurrent-mark-sweep perm gen total 18100K, used 13488K [0x08430000, 0x095dd000, 0x0c430000)

Dynamic libraries:
0x00400000 - 0x00423000 	C:\Program Files (x86)\Java\jdk1.6.0\jre\bin\java.exe
0x77660000 - 0x777e0000 	C:\windows\SysWOW64\ntdll.dll
0x76c90000 - 0x76da0000 	C:\windows\syswow64\kernel32.dll
0x76970000 - 0x769b7000 	C:\windows\syswow64\KERNELBASE.dll
0x76650000 - 0x766f0000 	C:\windows\syswow64\ADVAPI32.dll
0x769c0000 - 0x76a6c000 	C:\windows\syswow64\msvcrt.dll
0x76630000 - 0x76649000 	C:\windows\SysWOW64\sechost.dll
0x75850000 - 0x75940000 	C:\windows\syswow64\RPCRT4.dll
0x74d40000 - 0x74da0000 	C:\windows\syswow64\SspiCli.dll
0x74d30000 - 0x74d3c000 	C:\windows\syswow64\CRYPTBASE.dll
0x7c340000 - 0x7c396000 	C:\Program Files (x86)\Java\jdk1.6.0\jre\bin\msvcr71.dll
0x6d7c0000 - 0x6da07000 	C:\Program Files (x86)\Java\jdk1.6.0\jre\bin\client\jvm.dll
0x74df0000 - 0x74ef0000 	C:\windows\syswow64\USER32.dll
0x75180000 - 0x75210000 	C:\windows\syswow64\GDI32.dll
0x77630000 - 0x7763a000 	C:\windows\syswow64\LPK.dll
0x76700000 - 0x7679d000 	C:\windows\syswow64\USP10.dll
0x73220000 - 0x73252000 	C:\windows\system32\WINMM.dll
0x753d0000 - 0x75430000 	C:\windows\system32\IMM32.DLL
0x76b00000 - 0x76bcc000 	C:\windows\syswow64\MSCTF.dll
0x71d70000 - 0x71dbc000 	C:\windows\system32\apphelp.dll
0x6d310000 - 0x6d318000 	C:\Program Files (x86)\Java\jdk1.6.0\jre\bin\hpi.dll
0x759d0000 - 0x759d5000 	C:\windows\syswow64\PSAPI.DLL
0x6d400000 - 0x6d429000 	C:\Program Files (x86)\Java\jdk1.6.0\jre\bin\jdwp.dll
0x6d6c0000 - 0x6d6c6000 	C:\Program Files (x86)\Java\jdk1.6.0\jre\bin\npt.dll
0x6d770000 - 0x6d77c000 	C:\Program Files (x86)\Java\jdk1.6.0\jre\bin\verify.dll
0x6d3b0000 - 0x6d3cf000 	C:\Program Files (x86)\Java\jdk1.6.0\jre\bin\java.dll
0x6d7b0000 - 0x6d7bf000 	C:\Program Files (x86)\Java\jdk1.6.0\jre\bin\zip.dll
0x6d270000 - 0x6d278000 	C:\Program Files (x86)\Java\jdk1.6.0\jre\bin\dt_shmem.dll
0x6d000000 - 0x6d1c3000 	C:\Program Files (x86)\Java\jdk1.6.0\jre\bin\awt.dll
0x72510000 - 0x72561000 	C:\windows\system32\WINSPOOL.DRV
0x75550000 - 0x756ac000 	C:\windows\syswow64\ole32.dll
0x720f0000 - 0x72170000 	C:\windows\system32\uxtheme.dll
0x10000000 - 0x10053000 	C:\ProgramData\Anti-phishing Domain Advisor\visicom_antiphishing.dll
0x733d0000 - 0x733d9000 	C:\windows\system32\VERSION.dll
0x75810000 - 0x75845000 	C:\windows\syswow64\WS2_32.dll
0x767a0000 - 0x767a6000 	C:\windows\syswow64\NSI.dll
0x759e0000 - 0x7662a000 	C:\windows\syswow64\SHELL32.dll
0x75120000 - 0x75177000 	C:\windows\syswow64\SHLWAPI.dll
0x76bd0000 - 0x76c5f000 	C:\windows\syswow64\OLEAUT32.dll
0x72fc0000 - 0x72fcb000 	C:\windows\system32\profapi.dll
0x71510000 - 0x71523000 	C:\windows\system32\dwmapi.dll
0x72390000 - 0x723a6000 	C:\windows\system32\CRYPTSP.dll
0x72350000 - 0x7238b000 	C:\windows\system32\rsaenh.dll
0x72f60000 - 0x72f77000 	C:\windows\system32\USERENV.dll
0x6d570000 - 0x6d583000 	C:\Program Files (x86)\Java\jdk1.6.0\jre\bin\net.dll
0x72ec0000 - 0x72efc000 	C:\windows\system32\mswsock.dll
0x6e290000 - 0x6e296000 	C:\windows\System32\wship6.dll
0x6e1b0000 - 0x6e1c0000 	C:\windows\system32\NLAapi.dll
0x74920000 - 0x74930000 	C:\windows\system32\napinsp.dll
0x746f0000 - 0x74702000 	C:\windows\system32\pnrpnsp.dll
0x6de10000 - 0x6de37000 	C:\Program Files (x86)\Common Files\Microsoft Shared\Windows Live\WLIDNSP.DLL
0x74790000 - 0x747b1000 	C:\Program Files (x86)\Bonjour\mdnsNSP.dll
0x72b70000 - 0x72b8c000 	C:\windows\system32\Iphlpapi.DLL
0x72b60000 - 0x72b67000 	C:\windows\system32\WINNSI.DLL
0x6e4d0000 - 0x6e514000 	C:\windows\system32\DNSAPI.dll
0x74770000 - 0x74778000 	C:\windows\System32\winrnr.dll
0x72eb0000 - 0x72eb5000 	C:\windows\System32\wshtcpip.dll
0x74780000 - 0x74786000 	C:\windows\system32\rasadhlp.dll
0x74710000 - 0x74748000 	C:\windows\System32\fwpuclnt.dll
0x6d710000 - 0x6d716000 	C:\Program Files (x86)\Java\jdk1.6.0\jre\bin\rmi.dll
0x6d2b0000 - 0x6d303000 	C:\Program Files (x86)\Java\jdk1.6.0\jre\bin\fontmanager.dll
0x6d1f0000 - 0x6d21f000 	C:\Program Files (x86)\Java\jdk1.6.0\jre\bin\cmm.dll
0x6d450000 - 0x6d474000 	C:\Program Files (x86)\Java\jdk1.6.0\jre\bin\jpeg.dll
0x6d590000 - 0x6d599000 	C:\Program Files (x86)\Java\jdk1.6.0\jre\bin\nio.dll
0x6d560000 - 0x6d569000 	C:\Program Files (x86)\Java\jdk1.6.0\jre\bin\management.dll
0x76a70000 - 0x76af3000 	C:\windows\syswow64\CLBCatQ.DLL
0x71840000 - 0x718c4000 	C:\windows\WinSxS\x86_microsoft.windows.common-controls_6595b64144ccf1df_5.82.7601.17514_none_ec83dffa859149af\comctl32.dll
0x72170000 - 0x7230e000 	C:\windows\WinSxS\x86_microsoft.windows.common-controls_6595b64144ccf1df_6.0.7601.17514_none_41e6975e2bd6f2b2\comctl32.dll
0x75210000 - 0x753ad000 	C:\windows\syswow64\SETUPAPI.dll
0x756b0000 - 0x756d7000 	C:\windows\syswow64\CFGMGR32.dll
0x753b0000 - 0x753c2000 	C:\windows\syswow64\DEVOBJ.dll
0x73d90000 - 0x73e85000 	C:\windows\system32\propsys.dll
0x72f00000 - 0x72f21000 	C:\windows\system32\ntmarta.dll
0x74da0000 - 0x74de5000 	C:\windows\syswow64\WLDAP32.dll
0x65af0000 - 0x65c88000 	C:\windows\system32\NetworkExplorer.dll
0x6cd40000 - 0x6cd4a000 	C:\windows\system32\slc.dll
0x72930000 - 0x72942000 	C:\windows\system32\MPR.dll
0x0e990000 - 0x0e9a3000 	C:\Program Files (x86)\Common Files\Adobe\Adobe Drive CS4\AdobeDriveCS4_NP.dll
0x69bf0000 - 0x69bf8000 	C:\windows\System32\drprov.dll
0x72900000 - 0x72929000 	C:\windows\System32\WINSTA.dll
0x68f00000 - 0x68f14000 	C:\windows\System32\ntlanman.dll
0x686d0000 - 0x686e7000 	C:\windows\System32\davclnt.dll
0x686c0000 - 0x686c8000 	C:\windows\System32\DAVHLPR.dll
0x71c10000 - 0x71c1f000 	C:\windows\system32\wkscli.dll
0x6cd50000 - 0x6cd5b000 	C:\windows\system32\cscapi.dll
0x71d00000 - 0x71d09000 	C:\windows\system32\netutils.dll
0x6cd60000 - 0x6cd69000 	C:\windows\system32\LINKINFO.dll
0x6cd10000 - 0x6cd3e000 	C:\windows\System32\shdocvw.dll
0x6ea20000 - 0x6eb50000 	C:\windows\system32\WindowsCodecs.dll
0x0fb00000 - 0x0fb22000 	C:\Users\Pratik\AppData\Roaming\Dropbox\bin\DropboxExt.17.dll
0x6be30000 - 0x6bf1b000 	C:\windows\system32\dbghelp.dll
0x72480000 - 0x7250e000 	C:\windows\WinSxS\x86_microsoft.vc90.crt_1fc8b3b9a1e18e3b_9.0.30729.6161_none_50934f2ebcb7eb57\MSVCP90.dll
0x723d0000 - 0x72473000 	C:\windows\WinSxS\x86_microsoft.vc90.crt_1fc8b3b9a1e18e3b_9.0.30729.6161_none_50934f2ebcb7eb57\MSVCR90.dll
0x6bd70000 - 0x6bda1000 	C:\windows\system32\EhStorShell.dll
0x6cc60000 - 0x6ccd0000 	C:\windows\system32\ntshrui.dll
0x71c20000 - 0x71c39000 	C:\windows\system32\srvcli.dll
0x72000000 - 0x72008000 	C:\windows\system32\Secur32.dll
0x71c00000 - 0x71c0f000 	C:\windows\system32\samcli.dll
0x69580000 - 0x69592000 	C:\windows\system32\SAMLIB.dll

VM Arguments:
jvm_args: -Xincgc -Dawt.useSystemAAFontSettings=on -agentlib:jdwp=transport=dt_shmem,address=javadebug
java_command: bluej.runtime.ExecServer UTF-8
Launcher Type: SUN_STANDARD

Environment Variables:
CLASSPATH=.;C:\Program Files (x86)\Java\jre6\lib\ext\QTJava.zip
PATH=C:\Program Files\Common Files\Microsoft Shared\Windows Live;C:\Program Files (x86)\Common Files\Microsoft Shared\Windows Live;C:\Program Files (x86)\NVIDIA Corporation\PhysX\Common;C:\windows\system32;C:\windows;C:\windows\System32\Wbem;C:\windows\System32\WindowsPowerShell\v1.0\;C:\Program Files (x86)\Toshiba\Bluetooth Toshiba Stack\sys\;C:\Program Files (x86)\Toshiba\Bluetooth Toshiba Stack\sys\x64\;C:\Program Files (x86)\Windows Live\Shared;C:\Program Files (x86)\QuickTime\QTSystem\;c:\Program Files (x86)\Microsoft SQL Server\100\Tools\Binn\;c:\Program Files\Microsoft SQL Server\100\Tools\Binn\;c:\Program Files\Microsoft SQL Server\100\DTS\Binn\
USERNAME=Pratik
OS=Windows_NT
PROCESSOR_IDENTIFIER=Intel64 Family 6 Model 42 Stepping 7, GenuineIntel



---------------  S Y S T E M  ---------------

OS: Windows NT 6.1 Build 7601 Service Pack 1

CPU:total 4 family 6, cmov, cx8, fxsr, mmx, sse, sse2

Memory: 4k page, physical 4175728k(2152068k free), swap 4194303k(4194303k free)

vm_info: Java HotSpot(TM) Client VM (1.6.0-b105) for windows-x86, built on Nov 29 2006 00:48:48 by "java_re" with unknown MS VC++:1310

