#
# An unexpected error has been detected by Java Runtime Environment:
#
#  EXCEPTION_ACCESS_VIOLATION (0xc0000005) at pc=0x7513bb3a, pid=3584, tid=6172
#
# Java VM: Java HotSpot(TM) Client VM (1.6.0-b105 mixed mode)
# Problematic frame:
# C  [SHLWAPI.dll+0x1bb3a]
#
# If you would like to submit a bug report, please visit:
#   http://java.sun.com/webapps/bugreport/crash.jsp
#

---------------  T H R E A D  ---------------

Current thread (0x0ce22400):  JavaThread "Basic L&F File Loading Thread" [_thread_in_native, id=6172]

siginfo: ExceptionCode=0xc0000005, reading address 0xffff0000

Registers:
EAX=0xffff0000, EBX=0x00281f80, ECX=0x5bda1ca2, EDX=0x75a52240
ESP=0x0fdbf59c, EBP=0x0fdbf5a4, ESI=0xffff0000, EDI=0x75a8e760
EIP=0x7513bb3a, EFLAGS=0x00010246

Top of Stack: (sp=0x0fdbf59c)
0x0fdbf59c:   75a8e760 00281ff4 0fdbf5b4 75a00472
0x0fdbf5ac:   ffff0000 75a52240 0fdbf7e0 759fc9c6
0x0fdbf5bc:   ffff0000 ffff0000 00000000 08f95378
0x0fdbf5cc:   ffff0000 0fdbf64c 0fdbf64c 75a3d9bd
0x0fdbf5dc:   00281fec 00000000 00281f80 0fdbf5fc
0x0fdbf5ec:   75a3e151 00281f80 00000000 0fdbf7dc
0x0fdbf5fc:   0fdbf610 75a3e10b 75a8ebdc 6d15aad0
0x0fdbf60c:   0fdbf64c 0fdbf624 75a94a8a 00000000 

Instructions: (pc=0x7513bb3a)
0x7513bb2a:   90 90 90 8b ff 55 8b ec 8b 55 0c 56 8b 75 08 57
0x7513bb3a:   0f b7 06 46 8d 48 bf 46 83 f9 19 0f 86 fd ed ff 


Stack: [0x0fd70000,0x0fdc0000),  sp=0x0fdbf59c,  free space=317k
Native frames: (J=compiled Java code, j=interpreted, Vv=VM code, C=native code)
C  [SHLWAPI.dll+0x1bb3a]
C  [SHELL32.dll+0x20472]
C  [SHELL32.dll+0x1c9c6]
C  [SHELL32.dll+0x1c96f]
C  [awt.dll+0x137895]
j  sun.awt.shell.Win32ShellFolder2.getLinkLocation(Z)Lsun/awt/shell/ShellFolder;+20
j  sun.awt.shell.Win32ShellFolder2.isDirectory()Z+69
j  sun.awt.shell.Win32ShellFolder2.isDirectory()Z+79
j  bluej.utility.PackageChooser.accept(Ljava/io/File;)Z+1
j  javax.swing.plaf.basic.BasicDirectoryModel$LoadFilesThread.run0()V+67
j  javax.swing.plaf.basic.BasicDirectoryModel$LoadFilesThread.run()V+1
v  ~StubRoutines::call_stub

Java frames: (J=compiled Java code, j=interpreted, Vv=VM code)
j  sun.awt.shell.Win32ShellFolder2.getLinkLocation(JJZ)J+0
j  sun.awt.shell.Win32ShellFolder2.getLinkLocation(Z)Lsun/awt/shell/ShellFolder;+20
j  sun.awt.shell.Win32ShellFolder2.isDirectory()Z+69
j  sun.awt.shell.Win32ShellFolder2.isDirectory()Z+79
j  bluej.utility.PackageChooser.accept(Ljava/io/File;)Z+1
j  javax.swing.plaf.basic.BasicDirectoryModel$LoadFilesThread.run0()V+67
j  javax.swing.plaf.basic.BasicDirectoryModel$LoadFilesThread.run()V+1
v  ~StubRoutines::call_stub

---------------  P R O C E S S  ---------------

Java Threads: ( => current thread )
=>0x0ce22400 JavaThread "Basic L&F File Loading Thread" [_thread_in_native, id=6172]
  0x0ce1ec00 JavaThread "Image Fetcher 0" daemon [_thread_blocked, id=5880]
  0x0ce21400 JavaThread "TimerQueue" daemon [_thread_blocked, id=6280]
  0x0ce21800 JavaThread "main" [_thread_blocked, id=3460]
  0x0ce21000 JavaThread "SimulationThread" [_thread_blocked, id=7016]
  0x0ce20800 JavaThread "AWT-EventQueue-0" [_thread_in_native, id=6424]
  0x0ce20400 JavaThread "AWT-Shutdown" [_thread_blocked, id=5704]
  0x0ce1fc00 JavaThread "RMI TCP Connection(1)-127.0.0.1" daemon [_thread_in_native, id=6008]
  0x0ce1f800 JavaThread "RMI Reaper" [_thread_blocked, id=2512]
  0x0ce1f000 JavaThread "RMI TCP Accept-0" daemon [_thread_in_native, id=6960]
  0x0d816000 JavaThread "GC Daemon" daemon [_thread_blocked, id=6976]
  0x0d815800 JavaThread "RMI RenewClean-[127.0.0.1:53251]" daemon [_thread_blocked, id=4172]
  0x0d814000 JavaThread "RMI Scheduler(0)" daemon [_thread_blocked, id=6700]
  0x00ab7c00 JavaThread "DestroyJavaVM" [_thread_blocked, id=1496]
  0x0d704400 JavaThread "BlueJ worker thread" [_thread_blocked, id=6392]
  0x0d702800 JavaThread "AWT-Windows" daemon [_thread_in_native, id=6948]
  0x0cec0c00 JavaThread "Java2D Disposer" daemon [_thread_blocked, id=4364]
  0x0cd79800 JavaThread "Low Memory Detector" daemon [_thread_blocked, id=1164]
  0x0cd78c00 JavaThread "CompilerThread0" daemon [_thread_blocked, id=1204]
  0x0cd6ec00 JavaThread "JDWP Command Reader" daemon [_thread_in_native, id=6660]
  0x0cd6e400 JavaThread "JDWP Event Helper Thread" daemon [_thread_blocked, id=5708]
  0x0cd6ac00 JavaThread "JDWP Transport Listener: dt_shmem" daemon [_thread_blocked, id=3664]
  0x0cd5f800 JavaThread "Attach Listener" daemon [_thread_blocked, id=5136]
  0x0cd5d000 JavaThread "Signal Dispatcher" daemon [_thread_blocked, id=6004]
  0x0cd5c800 JavaThread "Surrogate Locker Thread (CMS)" daemon [_thread_blocked, id=2856]
  0x0cd45400 JavaThread "Finalizer" daemon [_thread_blocked, id=2100]
  0x0cd41800 JavaThread "Reference Handler" daemon [_thread_blocked, id=6548]

Other Threads:
  0x0cd3e800 VMThread [id=4468]
  0x0cd7a800 WatcherThread [id=2276]

VM state:not at safepoint (normal execution)

VM Mutex/Monitor currently owned by a thread: None

Heap
 par new generation   total 14784K, used 2545K [0x04400000, 0x05400000, 0x05400000)
  eden space 13184K,   8% used [0x04400000, 0x0451dae8, 0x050e0000)
  from space 1600K,  87% used [0x05270000, 0x053ceb38, 0x05400000)
  to   space 1600K,   0% used [0x050e0000, 0x050e0000, 0x05270000)
 concurrent mark-sweep generation total 49152K, used 12236K [0x05400000, 0x08400000, 0x08400000)
 concurrent-mark-sweep perm gen total 18320K, used 13858K [0x08400000, 0x095e4000, 0x0c400000)

Dynamic libraries:
0x00400000 - 0x00423000 	C:\Program Files (x86)\Java\jdk1.6.0\jre\bin\java.exe
0x77660000 - 0x777e0000 	C:\windows\SysWOW64\ntdll.dll
0x76c90000 - 0x76da0000 	C:\windows\syswow64\kernel32.dll
0x76970000 - 0x769b7000 	C:\windows\syswow64\KERNELBASE.dll
0x76650000 - 0x766f0000 	C:\windows\syswow64\ADVAPI32.dll
0x769c0000 - 0x76a6c000 	C:\windows\syswow64\msvcrt.dll
0x76630000 - 0x76649000 	C:\windows\SysWOW64\sechost.dll
0x75850000 - 0x75940000 	C:\windows\syswow64\RPCRT4.dll
0x74d40000 - 0x74da0000 	C:\windows\syswow64\SspiCli.dll
0x74d30000 - 0x74d3c000 	C:\windows\syswow64\CRYPTBASE.dll
0x7c340000 - 0x7c396000 	C:\Program Files (x86)\Java\jdk1.6.0\jre\bin\msvcr71.dll
0x6d7c0000 - 0x6da07000 	C:\Program Files (x86)\Java\jdk1.6.0\jre\bin\client\jvm.dll
0x74df0000 - 0x74ef0000 	C:\windows\syswow64\USER32.dll
0x75180000 - 0x75210000 	C:\windows\syswow64\GDI32.dll
0x77630000 - 0x7763a000 	C:\windows\syswow64\LPK.dll
0x76700000 - 0x7679d000 	C:\windows\syswow64\USP10.dll
0x73220000 - 0x73252000 	C:\windows\system32\WINMM.dll
0x753d0000 - 0x75430000 	C:\windows\system32\IMM32.DLL
0x76b00000 - 0x76bcc000 	C:\windows\syswow64\MSCTF.dll
0x71d70000 - 0x71dbc000 	C:\windows\system32\apphelp.dll
0x6d310000 - 0x6d318000 	C:\Program Files (x86)\Java\jdk1.6.0\jre\bin\hpi.dll
0x759d0000 - 0x759d5000 	C:\windows\syswow64\PSAPI.DLL
0x6d400000 - 0x6d429000 	C:\Program Files (x86)\Java\jdk1.6.0\jre\bin\jdwp.dll
0x6d6c0000 - 0x6d6c6000 	C:\Program Files (x86)\Java\jdk1.6.0\jre\bin\npt.dll
0x6d770000 - 0x6d77c000 	C:\Program Files (x86)\Java\jdk1.6.0\jre\bin\verify.dll
0x6d3b0000 - 0x6d3cf000 	C:\Program Files (x86)\Java\jdk1.6.0\jre\bin\java.dll
0x6d7b0000 - 0x6d7bf000 	C:\Program Files (x86)\Java\jdk1.6.0\jre\bin\zip.dll
0x6d270000 - 0x6d278000 	C:\Program Files (x86)\Java\jdk1.6.0\jre\bin\dt_shmem.dll
0x6d000000 - 0x6d1c3000 	C:\Program Files (x86)\Java\jdk1.6.0\jre\bin\awt.dll
0x72510000 - 0x72561000 	C:\windows\system32\WINSPOOL.DRV
0x75550000 - 0x756ac000 	C:\windows\syswow64\ole32.dll
0x720f0000 - 0x72170000 	C:\windows\system32\uxtheme.dll
0x10000000 - 0x10053000 	C:\ProgramData\Anti-phishing Domain Advisor\visicom_antiphishing.dll
0x733d0000 - 0x733d9000 	C:\windows\system32\VERSION.dll
0x75810000 - 0x75845000 	C:\windows\syswow64\WS2_32.dll
0x767a0000 - 0x767a6000 	C:\windows\syswow64\NSI.dll
0x759e0000 - 0x7662a000 	C:\windows\syswow64\SHELL32.dll
0x75120000 - 0x75177000 	C:\windows\syswow64\SHLWAPI.dll
0x76bd0000 - 0x76c5f000 	C:\windows\syswow64\OLEAUT32.dll
0x72fc0000 - 0x72fcb000 	C:\windows\system32\profapi.dll
0x71510000 - 0x71523000 	C:\windows\system32\dwmapi.dll
0x72390000 - 0x723a6000 	C:\windows\system32\CRYPTSP.dll
0x72350000 - 0x7238b000 	C:\windows\system32\rsaenh.dll
0x72f60000 - 0x72f77000 	C:\windows\system32\USERENV.dll
0x6d570000 - 0x6d583000 	C:\Program Files (x86)\Java\jdk1.6.0\jre\bin\net.dll
0x72ec0000 - 0x72efc000 	C:\windows\system32\mswsock.dll
0x6e290000 - 0x6e296000 	C:\windows\System32\wship6.dll
0x6e1b0000 - 0x6e1c0000 	C:\windows\system32\NLAapi.dll
0x74920000 - 0x74930000 	C:\windows\system32\napinsp.dll
0x746f0000 - 0x74702000 	C:\windows\system32\pnrpnsp.dll
0x6de10000 - 0x6de37000 	C:\Program Files (x86)\Common Files\Microsoft Shared\Windows Live\WLIDNSP.DLL
0x74790000 - 0x747b1000 	C:\Program Files (x86)\Bonjour\mdnsNSP.dll
0x72b70000 - 0x72b8c000 	C:\windows\system32\Iphlpapi.DLL
0x72b60000 - 0x72b67000 	C:\windows\system32\WINNSI.DLL
0x6e4d0000 - 0x6e514000 	C:\windows\system32\DNSAPI.dll
0x74770000 - 0x74778000 	C:\windows\System32\winrnr.dll
0x72eb0000 - 0x72eb5000 	C:\windows\System32\wshtcpip.dll
0x74780000 - 0x74786000 	C:\windows\system32\rasadhlp.dll
0x74710000 - 0x74748000 	C:\windows\System32\fwpuclnt.dll
0x6d710000 - 0x6d716000 	C:\Program Files (x86)\Java\jdk1.6.0\jre\bin\rmi.dll
0x6d2b0000 - 0x6d303000 	C:\Program Files (x86)\Java\jdk1.6.0\jre\bin\fontmanager.dll
0x6d1f0000 - 0x6d21f000 	C:\Program Files (x86)\Java\jdk1.6.0\jre\bin\cmm.dll
0x6d450000 - 0x6d474000 	C:\Program Files (x86)\Java\jdk1.6.0\jre\bin\jpeg.dll
0x6d590000 - 0x6d599000 	C:\Program Files (x86)\Java\jdk1.6.0\jre\bin\nio.dll
0x6d560000 - 0x6d569000 	C:\Program Files (x86)\Java\jdk1.6.0\jre\bin\management.dll
0x76a70000 - 0x76af3000 	C:\windows\syswow64\CLBCatQ.DLL
0x71840000 - 0x718c4000 	C:\windows\WinSxS\x86_microsoft.windows.common-controls_6595b64144ccf1df_5.82.7601.17514_none_ec83dffa859149af\comctl32.dll
0x72170000 - 0x7230e000 	C:\windows\WinSxS\x86_microsoft.windows.common-controls_6595b64144ccf1df_6.0.7601.17514_none_41e6975e2bd6f2b2\comctl32.dll
0x75210000 - 0x753ad000 	C:\windows\syswow64\SETUPAPI.dll
0x756b0000 - 0x756d7000 	C:\windows\syswow64\CFGMGR32.dll
0x753b0000 - 0x753c2000 	C:\windows\syswow64\DEVOBJ.dll
0x73d90000 - 0x73e85000 	C:\windows\system32\propsys.dll
0x72f00000 - 0x72f21000 	C:\windows\system32\ntmarta.dll
0x74da0000 - 0x74de5000 	C:\windows\syswow64\WLDAP32.dll
0x65af0000 - 0x65c88000 	C:\windows\system32\NetworkExplorer.dll
0x6cd40000 - 0x6cd4a000 	C:\windows\system32\slc.dll
0x72930000 - 0x72942000 	C:\windows\system32\MPR.dll
0x0e920000 - 0x0e933000 	C:\Program Files (x86)\Common Files\Adobe\Adobe Drive CS4\AdobeDriveCS4_NP.dll
0x69bf0000 - 0x69bf8000 	C:\windows\System32\drprov.dll
0x72900000 - 0x72929000 	C:\windows\System32\WINSTA.dll
0x68f00000 - 0x68f14000 	C:\windows\System32\ntlanman.dll
0x686d0000 - 0x686e7000 	C:\windows\System32\davclnt.dll
0x686c0000 - 0x686c8000 	C:\windows\System32\DAVHLPR.dll
0x71c10000 - 0x71c1f000 	C:\windows\system32\wkscli.dll
0x6cd50000 - 0x6cd5b000 	C:\windows\system32\cscapi.dll
0x71d00000 - 0x71d09000 	C:\windows\system32\netutils.dll
0x6cd60000 - 0x6cd69000 	C:\windows\system32\LINKINFO.dll
0x6cd10000 - 0x6cd3e000 	C:\windows\System32\shdocvw.dll
0x6ea20000 - 0x6eb50000 	C:\windows\system32\WindowsCodecs.dll
0x0fae0000 - 0x0fb02000 	C:\Users\Pratik\AppData\Roaming\Dropbox\bin\DropboxExt.17.dll
0x6be30000 - 0x6bf1b000 	C:\windows\system32\dbghelp.dll
0x72480000 - 0x7250e000 	C:\windows\WinSxS\x86_microsoft.vc90.crt_1fc8b3b9a1e18e3b_9.0.30729.6161_none_50934f2ebcb7eb57\MSVCP90.dll
0x723d0000 - 0x72473000 	C:\windows\WinSxS\x86_microsoft.vc90.crt_1fc8b3b9a1e18e3b_9.0.30729.6161_none_50934f2ebcb7eb57\MSVCR90.dll
0x6bd70000 - 0x6bda1000 	C:\windows\system32\EhStorShell.dll
0x6cc60000 - 0x6ccd0000 	C:\windows\system32\ntshrui.dll
0x71c20000 - 0x71c39000 	C:\windows\system32\srvcli.dll
0x72000000 - 0x72008000 	C:\windows\system32\Secur32.dll
0x71c00000 - 0x71c0f000 	C:\windows\system32\samcli.dll
0x69580000 - 0x69592000 	C:\windows\system32\SAMLIB.dll

VM Arguments:
jvm_args: -Xincgc -Dawt.useSystemAAFontSettings=on -agentlib:jdwp=transport=dt_shmem,address=javadebug
java_command: bluej.runtime.ExecServer UTF-8
Launcher Type: SUN_STANDARD

Environment Variables:
CLASSPATH=.;C:\Program Files (x86)\Java\jre6\lib\ext\QTJava.zip
PATH=C:\Program Files\Common Files\Microsoft Shared\Windows Live;C:\Program Files (x86)\Common Files\Microsoft Shared\Windows Live;C:\Program Files (x86)\NVIDIA Corporation\PhysX\Common;C:\windows\system32;C:\windows;C:\windows\System32\Wbem;C:\windows\System32\WindowsPowerShell\v1.0\;C:\Program Files (x86)\Toshiba\Bluetooth Toshiba Stack\sys\;C:\Program Files (x86)\Toshiba\Bluetooth Toshiba Stack\sys\x64\;C:\Program Files (x86)\Windows Live\Shared;C:\Program Files (x86)\QuickTime\QTSystem\;c:\Program Files (x86)\Microsoft SQL Server\100\Tools\Binn\;c:\Program Files\Microsoft SQL Server\100\Tools\Binn\;c:\Program Files\Microsoft SQL Server\100\DTS\Binn\
USERNAME=Pratik
OS=Windows_NT
PROCESSOR_IDENTIFIER=Intel64 Family 6 Model 42 Stepping 7, GenuineIntel



---------------  S Y S T E M  ---------------

OS: Windows NT 6.1 Build 7601 Service Pack 1

CPU:total 4 family 6, cmov, cx8, fxsr, mmx, sse, sse2

Memory: 4k page, physical 4175728k(2364480k free), swap 4194303k(4194303k free)

vm_info: Java HotSpot(TM) Client VM (1.6.0-b105) for windows-x86, built on Nov 29 2006 00:48:48 by "java_re" with unknown MS VC++:1310

