#
# An unexpected error has been detected by Java Runtime Environment:
#
#  EXCEPTION_ACCESS_VIOLATION (0xc0000005) at pc=0x7513bb3a, pid=4980, tid=4932
#
# Java VM: Java HotSpot(TM) Client VM (1.6.0-b105 mixed mode)
# Problematic frame:
# C  [SHLWAPI.dll+0x1bb3a]
#
# If you would like to submit a bug report, please visit:
#   http://java.sun.com/webapps/bugreport/crash.jsp
#

---------------  T H R E A D  ---------------

Current thread (0x0ce43800):  JavaThread "Basic L&F File Loading Thread" [_thread_in_native, id=4932]

siginfo: ExceptionCode=0xc0000005, reading address 0xffff0000

Registers:
EAX=0xffff0000, EBX=0x104dadd0, ECX=0x76c82ab5, EDX=0x75a52240
ESP=0x1064f46c, EBP=0x1064f474, ESI=0xffff0000, EDI=0x75a8e760
EIP=0x7513bb3a, EFLAGS=0x00010246

Top of Stack: (sp=0x1064f46c)
0x1064f46c:   75a8e760 104dae44 1064f484 75a00472
0x1064f47c:   ffff0000 75a52240 1064f6b0 759fc9c6
0x1064f48c:   ffff0000 ffff0000 00000000 08f2fa20
0x1064f49c:   ffff0000 1064f51c 1064f51c 75a3d9bd
0x1064f4ac:   104dae3c 00000000 104dadd0 1064f4cc
0x1064f4bc:   75a3e151 104dadd0 00000000 1064f6ac
0x1064f4cc:   1064f4e0 75a3e10b 75a8ebdc 6d15aad0
0x1064f4dc:   1064f51c 1064f4f4 75a94a8a 00000000 

Instructions: (pc=0x7513bb3a)
0x7513bb2a:   90 90 90 8b ff 55 8b ec 8b 55 0c 56 8b 75 08 57
0x7513bb3a:   0f b7 06 46 8d 48 bf 46 83 f9 19 0f 86 fd ed ff 


Stack: [0x10600000,0x10650000),  sp=0x1064f46c,  free space=317k
Native frames: (J=compiled Java code, j=interpreted, Vv=VM code, C=native code)
C  [SHLWAPI.dll+0x1bb3a]
C  [SHELL32.dll+0x20472]
C  [SHELL32.dll+0x1c9c6]
C  [SHELL32.dll+0x1c96f]
C  [awt.dll+0x137895]
j  sun.awt.shell.Win32ShellFolder2.getLinkLocation(Z)Lsun/awt/shell/ShellFolder;+20
j  sun.awt.shell.Win32ShellFolder2.isDirectory()Z+69
j  sun.awt.shell.Win32ShellFolder2.isDirectory()Z+79
j  bluej.utility.PackageChooser.accept(Ljava/io/File;)Z+1
j  bluej.utility.PackageChooserStrict.accept(Ljava/io/File;)Z+2
j  javax.swing.plaf.basic.BasicDirectoryModel$LoadFilesThread.run0()V+67
j  javax.swing.plaf.basic.BasicDirectoryModel$LoadFilesThread.run()V+1
v  ~StubRoutines::call_stub

Java frames: (J=compiled Java code, j=interpreted, Vv=VM code)
j  sun.awt.shell.Win32ShellFolder2.getLinkLocation(JJZ)J+0
j  sun.awt.shell.Win32ShellFolder2.getLinkLocation(Z)Lsun/awt/shell/ShellFolder;+20
j  sun.awt.shell.Win32ShellFolder2.isDirectory()Z+69
j  sun.awt.shell.Win32ShellFolder2.isDirectory()Z+79
j  bluej.utility.PackageChooser.accept(Ljava/io/File;)Z+1
j  bluej.utility.PackageChooserStrict.accept(Ljava/io/File;)Z+2
j  javax.swing.plaf.basic.BasicDirectoryModel$LoadFilesThread.run0()V+67
j  javax.swing.plaf.basic.BasicDirectoryModel$LoadFilesThread.run()V+1
v  ~StubRoutines::call_stub

---------------  P R O C E S S  ---------------

Java Threads: ( => current thread )
  0x0d95f800 JavaThread "Basic L&F File Loading Thread" [_thread_new, id=4812]
=>0x0ce43800 JavaThread "Basic L&F File Loading Thread" [_thread_in_native, id=4932]
  0x0d95f000 JavaThread "Basic L&F File Loading Thread" [_thread_in_native, id=5964]
  0x0ce42000 JavaThread "Image Fetcher 1" daemon [_thread_blocked, id=1816]
  0x0ce42c00 JavaThread "Thread-17" [_thread_in_native, id=3388]
  0x0ce43000 JavaThread "TimerQueue" daemon [_thread_blocked, id=2248]
  0x0ce42400 JavaThread "main" [_thread_blocked, id=5804]
  0x0ce41c00 JavaThread "SimulationThread" [_thread_blocked, id=584]
  0x0ce41400 JavaThread "AWT-EventQueue-0" [_thread_blocked, id=6024]
  0x0ce41000 JavaThread "RMI TCP Connection(1)-127.0.0.1" daemon [_thread_in_native, id=640]
  0x0ce40800 JavaThread "RMI Reaper" [_thread_blocked, id=3488]
  0x0ce40400 JavaThread "RMI TCP Accept-0" daemon [_thread_in_native, id=7908]
  0x0ce3fc00 JavaThread "Image Fetcher 0" daemon [_thread_blocked, id=5912]
  0x0d805c00 JavaThread "GC Daemon" daemon [_thread_blocked, id=5776]
  0x0d805800 JavaThread "RMI RenewClean-[127.0.0.1:57323]" daemon [_thread_blocked, id=5212]
  0x0d801c00 JavaThread "RMI Scheduler(0)" daemon [_thread_blocked, id=4860]
  0x00ad7c00 JavaThread "DestroyJavaVM" [_thread_blocked, id=7820]
  0x0d703400 JavaThread "BlueJ worker thread" [_thread_blocked, id=6016]
  0x0d700c00 JavaThread "AWT-Windows" daemon [_thread_in_native, id=6524]
  0x0d700400 JavaThread "AWT-Shutdown" [_thread_blocked, id=520]
  0x0ced3800 JavaThread "Java2D Disposer" daemon [_thread_blocked, id=4304]
  0x0cd8a000 JavaThread "Low Memory Detector" daemon [_thread_blocked, id=6888]
  0x0cd89400 JavaThread "CompilerThread0" daemon [_thread_blocked, id=7988]
  0x0cd7ec00 JavaThread "JDWP Command Reader" daemon [_thread_in_native, id=6424]
  0x0cd7e800 JavaThread "JDWP Event Helper Thread" daemon [_thread_blocked, id=7788]
  0x0cd7ac00 JavaThread "JDWP Transport Listener: dt_shmem" daemon [_thread_blocked, id=5264]
  0x0cd6f800 JavaThread "Attach Listener" daemon [_thread_blocked, id=6028]
  0x0cd6d000 JavaThread "Signal Dispatcher" daemon [_thread_blocked, id=6344]
  0x0cd6c800 JavaThread "Surrogate Locker Thread (CMS)" daemon [_thread_blocked, id=7924]
  0x0cd55400 JavaThread "Finalizer" daemon [_thread_blocked, id=7356]
  0x0cd51800 JavaThread "Reference Handler" daemon [_thread_blocked, id=6696]

Other Threads:
  0x0cd4e800 VMThread [id=3936]
  0x0cd8b400 WatcherThread [id=6592]

VM state:not at safepoint (normal execution)

VM Mutex/Monitor currently owned by a thread: None

Heap
 par new generation   total 14784K, used 3671K [0x04420000, 0x05420000, 0x05420000)
  eden space 13184K,  27% used [0x04420000, 0x047b5cf8, 0x05100000)
  from space 1600K,   0% used [0x05100000, 0x05100000, 0x05290000)
  to   space 1600K,   0% used [0x05290000, 0x05290000, 0x05420000)
 concurrent mark-sweep generation total 49152K, used 8281K [0x05420000, 0x08420000, 0x08420000)
 concurrent-mark-sweep perm gen total 18316K, used 13364K [0x08420000, 0x09603000, 0x0c420000)

Dynamic libraries:
0x00400000 - 0x00423000 	C:\Program Files (x86)\Java\jdk1.6.0\jre\bin\java.exe
0x77660000 - 0x777e0000 	C:\windows\SysWOW64\ntdll.dll
0x76c90000 - 0x76da0000 	C:\windows\syswow64\kernel32.dll
0x76970000 - 0x769b7000 	C:\windows\syswow64\KERNELBASE.dll
0x76650000 - 0x766f0000 	C:\windows\syswow64\ADVAPI32.dll
0x769c0000 - 0x76a6c000 	C:\windows\syswow64\msvcrt.dll
0x76630000 - 0x76649000 	C:\windows\SysWOW64\sechost.dll
0x75850000 - 0x75940000 	C:\windows\syswow64\RPCRT4.dll
0x74d40000 - 0x74da0000 	C:\windows\syswow64\SspiCli.dll
0x74d30000 - 0x74d3c000 	C:\windows\syswow64\CRYPTBASE.dll
0x7c340000 - 0x7c396000 	C:\Program Files (x86)\Java\jdk1.6.0\jre\bin\msvcr71.dll
0x6d7c0000 - 0x6da07000 	C:\Program Files (x86)\Java\jdk1.6.0\jre\bin\client\jvm.dll
0x74df0000 - 0x74ef0000 	C:\windows\syswow64\USER32.dll
0x75180000 - 0x75210000 	C:\windows\syswow64\GDI32.dll
0x77630000 - 0x7763a000 	C:\windows\syswow64\LPK.dll
0x76700000 - 0x7679d000 	C:\windows\syswow64\USP10.dll
0x73220000 - 0x73252000 	C:\windows\system32\WINMM.dll
0x753d0000 - 0x75430000 	C:\windows\system32\IMM32.DLL
0x76b00000 - 0x76bcc000 	C:\windows\syswow64\MSCTF.dll
0x71d70000 - 0x71dbc000 	C:\windows\system32\apphelp.dll
0x6d310000 - 0x6d318000 	C:\Program Files (x86)\Java\jdk1.6.0\jre\bin\hpi.dll
0x759d0000 - 0x759d5000 	C:\windows\syswow64\PSAPI.DLL
0x6d400000 - 0x6d429000 	C:\Program Files (x86)\Java\jdk1.6.0\jre\bin\jdwp.dll
0x6d6c0000 - 0x6d6c6000 	C:\Program Files (x86)\Java\jdk1.6.0\jre\bin\npt.dll
0x6d770000 - 0x6d77c000 	C:\Program Files (x86)\Java\jdk1.6.0\jre\bin\verify.dll
0x6d3b0000 - 0x6d3cf000 	C:\Program Files (x86)\Java\jdk1.6.0\jre\bin\java.dll
0x6d7b0000 - 0x6d7bf000 	C:\Program Files (x86)\Java\jdk1.6.0\jre\bin\zip.dll
0x6d270000 - 0x6d278000 	C:\Program Files (x86)\Java\jdk1.6.0\jre\bin\dt_shmem.dll
0x6d000000 - 0x6d1c3000 	C:\Program Files (x86)\Java\jdk1.6.0\jre\bin\awt.dll
0x72510000 - 0x72561000 	C:\windows\system32\WINSPOOL.DRV
0x75550000 - 0x756ac000 	C:\windows\syswow64\ole32.dll
0x720f0000 - 0x72170000 	C:\windows\system32\uxtheme.dll
0x10000000 - 0x10053000 	C:\ProgramData\Anti-phishing Domain Advisor\visicom_antiphishing.dll
0x733d0000 - 0x733d9000 	C:\windows\system32\VERSION.dll
0x75810000 - 0x75845000 	C:\windows\syswow64\WS2_32.dll
0x767a0000 - 0x767a6000 	C:\windows\syswow64\NSI.dll
0x759e0000 - 0x7662a000 	C:\windows\syswow64\SHELL32.dll
0x75120000 - 0x75177000 	C:\windows\syswow64\SHLWAPI.dll
0x76bd0000 - 0x76c5f000 	C:\windows\syswow64\OLEAUT32.dll
0x72fc0000 - 0x72fcb000 	C:\windows\system32\profapi.dll
0x71510000 - 0x71523000 	C:\windows\system32\dwmapi.dll
0x72390000 - 0x723a6000 	C:\windows\system32\CRYPTSP.dll
0x72350000 - 0x7238b000 	C:\windows\system32\rsaenh.dll
0x72f60000 - 0x72f77000 	C:\windows\system32\USERENV.dll
0x6d570000 - 0x6d583000 	C:\Program Files (x86)\Java\jdk1.6.0\jre\bin\net.dll
0x72ec0000 - 0x72efc000 	C:\windows\system32\mswsock.dll
0x6e290000 - 0x6e296000 	C:\windows\System32\wship6.dll
0x6e1b0000 - 0x6e1c0000 	C:\windows\system32\NLAapi.dll
0x74920000 - 0x74930000 	C:\windows\system32\napinsp.dll
0x746f0000 - 0x74702000 	C:\windows\system32\pnrpnsp.dll
0x6de10000 - 0x6de37000 	C:\Program Files (x86)\Common Files\Microsoft Shared\Windows Live\WLIDNSP.DLL
0x74790000 - 0x747b1000 	C:\Program Files (x86)\Bonjour\mdnsNSP.dll
0x72b70000 - 0x72b8c000 	C:\windows\system32\Iphlpapi.DLL
0x72b60000 - 0x72b67000 	C:\windows\system32\WINNSI.DLL
0x6e4d0000 - 0x6e514000 	C:\windows\system32\DNSAPI.dll
0x74770000 - 0x74778000 	C:\windows\System32\winrnr.dll
0x72eb0000 - 0x72eb5000 	C:\windows\System32\wshtcpip.dll
0x74780000 - 0x74786000 	C:\windows\system32\rasadhlp.dll
0x74710000 - 0x74748000 	C:\windows\System32\fwpuclnt.dll
0x6d710000 - 0x6d716000 	C:\Program Files (x86)\Java\jdk1.6.0\jre\bin\rmi.dll
0x6d2b0000 - 0x6d303000 	C:\Program Files (x86)\Java\jdk1.6.0\jre\bin\fontmanager.dll
0x6d1f0000 - 0x6d21f000 	C:\Program Files (x86)\Java\jdk1.6.0\jre\bin\cmm.dll
0x6d450000 - 0x6d474000 	C:\Program Files (x86)\Java\jdk1.6.0\jre\bin\jpeg.dll
0x6d590000 - 0x6d599000 	C:\Program Files (x86)\Java\jdk1.6.0\jre\bin\nio.dll
0x6d560000 - 0x6d569000 	C:\Program Files (x86)\Java\jdk1.6.0\jre\bin\management.dll
0x76a70000 - 0x76af3000 	C:\windows\syswow64\CLBCatQ.DLL
0x71840000 - 0x718c4000 	C:\windows\WinSxS\x86_microsoft.windows.common-controls_6595b64144ccf1df_5.82.7601.17514_none_ec83dffa859149af\comctl32.dll
0x72170000 - 0x7230e000 	C:\windows\WinSxS\x86_microsoft.windows.common-controls_6595b64144ccf1df_6.0.7601.17514_none_41e6975e2bd6f2b2\comctl32.dll
0x75210000 - 0x753ad000 	C:\windows\syswow64\SETUPAPI.dll
0x756b0000 - 0x756d7000 	C:\windows\syswow64\CFGMGR32.dll
0x753b0000 - 0x753c2000 	C:\windows\syswow64\DEVOBJ.dll
0x73d90000 - 0x73e85000 	C:\windows\system32\propsys.dll
0x72f00000 - 0x72f21000 	C:\windows\system32\ntmarta.dll
0x74da0000 - 0x74de5000 	C:\windows\syswow64\WLDAP32.dll
0x65af0000 - 0x65c88000 	C:\windows\system32\NetworkExplorer.dll
0x6cd40000 - 0x6cd4a000 	C:\windows\system32\slc.dll
0x72930000 - 0x72942000 	C:\windows\system32\MPR.dll
0x0fa00000 - 0x0fa13000 	C:\Program Files (x86)\Common Files\Adobe\Adobe Drive CS4\AdobeDriveCS4_NP.dll
0x69bf0000 - 0x69bf8000 	C:\windows\System32\drprov.dll
0x72900000 - 0x72929000 	C:\windows\System32\WINSTA.dll
0x68f00000 - 0x68f14000 	C:\windows\System32\ntlanman.dll
0x686d0000 - 0x686e7000 	C:\windows\System32\davclnt.dll
0x686c0000 - 0x686c8000 	C:\windows\System32\DAVHLPR.dll
0x71c10000 - 0x71c1f000 	C:\windows\system32\wkscli.dll
0x6cd50000 - 0x6cd5b000 	C:\windows\system32\cscapi.dll
0x71d00000 - 0x71d09000 	C:\windows\system32\netutils.dll
0x6cd60000 - 0x6cd69000 	C:\windows\system32\LINKINFO.dll
0x6cd10000 - 0x6cd3e000 	C:\windows\System32\shdocvw.dll
0x6ea20000 - 0x6eb50000 	C:\windows\system32\WindowsCodecs.dll
0x0fe00000 - 0x0fe22000 	C:\Users\Pratik\AppData\Roaming\Dropbox\bin\DropboxExt.17.dll
0x6be30000 - 0x6bf1b000 	C:\windows\system32\dbghelp.dll
0x72480000 - 0x7250e000 	C:\windows\WinSxS\x86_microsoft.vc90.crt_1fc8b3b9a1e18e3b_9.0.30729.6161_none_50934f2ebcb7eb57\MSVCP90.dll
0x723d0000 - 0x72473000 	C:\windows\WinSxS\x86_microsoft.vc90.crt_1fc8b3b9a1e18e3b_9.0.30729.6161_none_50934f2ebcb7eb57\MSVCR90.dll
0x6bd70000 - 0x6bda1000 	C:\windows\system32\EhStorShell.dll
0x6cc60000 - 0x6ccd0000 	C:\windows\system32\ntshrui.dll
0x71c20000 - 0x71c39000 	C:\windows\system32\srvcli.dll
0x72000000 - 0x72008000 	C:\windows\system32\Secur32.dll
0x71c00000 - 0x71c0f000 	C:\windows\system32\samcli.dll
0x69580000 - 0x69592000 	C:\windows\system32\SAMLIB.dll

VM Arguments:
jvm_args: -Xincgc -Dawt.useSystemAAFontSettings=on -agentlib:jdwp=transport=dt_shmem,address=javadebug
java_command: bluej.runtime.ExecServer UTF-8
Launcher Type: SUN_STANDARD

Environment Variables:
CLASSPATH=.;C:\Program Files (x86)\Java\jre6\lib\ext\QTJava.zip
PATH=C:\Program Files\Common Files\Microsoft Shared\Windows Live;C:\Program Files (x86)\Common Files\Microsoft Shared\Windows Live;C:\Program Files (x86)\NVIDIA Corporation\PhysX\Common;C:\windows\system32;C:\windows;C:\windows\System32\Wbem;C:\windows\System32\WindowsPowerShell\v1.0\;C:\Program Files (x86)\Toshiba\Bluetooth Toshiba Stack\sys\;C:\Program Files (x86)\Toshiba\Bluetooth Toshiba Stack\sys\x64\;C:\Program Files (x86)\Windows Live\Shared;C:\Program Files (x86)\QuickTime\QTSystem\;c:\Program Files (x86)\Microsoft SQL Server\100\Tools\Binn\;c:\Program Files\Microsoft SQL Server\100\Tools\Binn\;c:\Program Files\Microsoft SQL Server\100\DTS\Binn\
USERNAME=Pratik
OS=Windows_NT
PROCESSOR_IDENTIFIER=Intel64 Family 6 Model 42 Stepping 7, GenuineIntel



---------------  S Y S T E M  ---------------

OS: Windows NT 6.1 Build 7601 Service Pack 1

CPU:total 4 family 6, cmov, cx8, fxsr, mmx, sse, sse2

Memory: 4k page, physical 4175728k(2093300k free), swap 4194303k(4194303k free)

vm_info: Java HotSpot(TM) Client VM (1.6.0-b105) for windows-x86, built on Nov 29 2006 00:48:48 by "java_re" with unknown MS VC++:1310

